<?xml version="1.0" encoding="utf-8"?><testsuites name="pytest tests"><testsuite name="pytest" errors="0" failures="0" skipped="0" tests="9" time="25.836" timestamp="2026-08-29T22:30:53.291537+00:00" hostname="agent-env-19f60486-ce2c-4a3f-a42e-f0d587c68669"><testcase classname="tests.test_livo_vision.TestCashScan" name="test_cash_with_notes" time="8.214" /><testcase classname="tests.test_livo_vision.TestBillAnalyze" name="test_bill_correct_math_verified" time="8.613" /><testcase classname="tests.test_livo_vision.TestCashScan" name="test_cash_no_notes_image" time="6.039" /><testcase classname="tests.test_livo_vision.TestBillAnalyze" name="test_bill_wrong_math_flagged" time="12.421" /><testcase classname="tests.test_livo_vision.TestCashScan" name="test_cash_empty_image_rejected" time="0.071" /><testcase classname="tests.test_livo_vision" name="test_api_root" time="0.073" /><testcase classname="tests.test_livo_vision" name="test_no_objectid_leak_in_bill" time="10.880" /><testcase classname="tests.test_livo_vision.TestBillAnalyze" name="test_bill_non_bill_image_returns_wellformed" time="2.289" /><testcase classname="tests.test_livo_vision.TestBillAnalyze" name="test_bill_empty_image_rejected" time="0.057" /></testsuite></testsuites>